#
# There is insufficient memory for the Java Runtime Environment to continue.
# Native memory allocation (mmap) failed to map 268435456 bytes for Failed to commit area from 0x0000000700e00000 to 0x0000000710e00000 of length 268435456.
# Possible reasons:
#   The system is out of physical RAM or swap space
#   The process is running with CompressedOops enabled, and the Java Heap may be blocking the growth of the native heap
# Possible solutions:
#   Reduce memory load on the system
#   Increase physical memory or swap space
#   Check if swap backing store is full
#   Decrease Java heap size (-Xmx/-Xms)
#   Decrease number of Java threads
#   Decrease Java thread stack sizes (-Xss)
#   Set larger code cache with -XX:ReservedCodeCacheSize=
# This output file may be truncated or incomplete.
#
#  Out of Memory Error (./open/src/hotspot/os/windows/os_windows.cpp:3273), pid=14668, tid=17748
#
# JRE version:  (11.0.10+8) (build )
# Java VM: Java HotSpot(TM) 64-Bit Server VM (11.0.10+8-LTS-162, mixed mode, sharing, tiered, compressed oops, g1 gc, windows-amd64)
# No core dump will be written. Minidumps are not enabled by default on client versions of Windows
#

---------------  S U M M A R Y ------------

Command Line: -Dfile.encoding=UTF-8 br.com.stingelin.Startup

Host: AMD Ryzen 5 1600X Six-Core Processor           , 12 cores, 15G,  Windows 10 , 64 bit Build 19041 (10.0.19041.804)
Time: Sat Apr  3 23:27:08 2021 Hora oficial do Brasil elapsed time: 0.092073 seconds (0d 0h 0m 0s)

---------------  T H R E A D  ---------------

Current thread (0x000001d947a32800):  JavaThread "Unknown thread" [_thread_in_vm, id=17748, stack(0x00000054c5100000,0x00000054c5200000)]

Stack: [0x00000054c5100000,0x00000054c5200000]
Native frames: (J=compiled Java code, j=interpreted, Vv=VM code, C=native code)
V  [jvm.dll+0x613e6a]
V  [jvm.dll+0x74c1ff]
V  [jvm.dll+0x74d885]
V  [jvm.dll+0x74df03]
V  [jvm.dll+0x243b78]
V  [jvm.dll+0x61125a]
V  [jvm.dll+0x606165]
V  [jvm.dll+0x2f85fc]
V  [jvm.dll+0x2f8482]
V  [jvm.dll+0x2fd136]
V  [jvm.dll+0x33f6bf]
V  [jvm.dll+0x33f0f0]
V  [jvm.dll+0x2d5d08]
V  [jvm.dll+0x2d6e66]
V  [jvm.dll+0x727d17]
V  [jvm.dll+0x7295bf]
V  [jvm.dll+0x34c4a9]
V  [jvm.dll+0x70d6b0]
V  [jvm.dll+0x3b584f]
V  [jvm.dll+0x3b7951]
C  [jli.dll+0x520b]
C  [ucrtbase.dll+0x21bb2]
C  [KERNEL32.DLL+0x17034]
C  [ntdll.dll+0x52651]


---------------  P R O C E S S  ---------------

Threads class SMR info:
_java_thread_list=0x000001d9458cbbe0, length=0, elements={
}

Java Threads: ( => current thread )

Other Threads:
  0x000001d947a48000 GCTaskThread "GC Thread#0" [stack: 0x00000054c5200000,0x00000054c5300000] [id=13848]
  0x000001d947aa7000 ConcurrentGCThread "G1 Main Marker" [stack: 0x00000054c5300000,0x00000054c5400000] [id=6556]
  0x000001d947aa9800 ConcurrentGCThread "G1 Conc#0" [stack: 0x00000054c5400000,0x00000054c5500000] [id=8016]

[error occurred during error reporting (printing all threads), id 0xc0000005, EXCEPTION_ACCESS_VIOLATION (0xc0000005) at pc=0x00007ff82cbf4f57]

VM state:not at safepoint (not fully initialized)

VM Mutex/Monitor currently owned by a thread:  ([mutex/lock_event])
[0x000001d947a30340] Heap_lock - owner thread: 0x000001d947a32800

Heap address: 0x0000000700e00000, size: 4082 MB, Compressed Oops mode: Non-zero based: 0x0000000700e00000
Narrow klass base: 0x0000000000000000, Narrow klass shift: 0

GC Heap History (0 events):
No events

Deoptimization events (0 events):
No events

Classes redefined (0 events):
No events

Internal exceptions (0 events):
No events

Events (0 events):
No events


Dynamic libraries:
0x00007ff69c210000 - 0x00007ff69c21f000 	E:\ProgramFiles\Java\jdk-11.0.10\bin\javaw.exe
0x00007ff87b670000 - 0x00007ff87b865000 	C:\WINDOWS\SYSTEM32\ntdll.dll
0x00007ff87a6f0000 - 0x00007ff87a7ad000 	C:\WINDOWS\System32\KERNEL32.DLL
0x00007ff878ec0000 - 0x00007ff879189000 	C:\WINDOWS\System32\KERNELBASE.dll
0x00007ff8795d0000 - 0x00007ff8796d0000 	C:\WINDOWS\System32\ucrtbase.dll
0x00007ff85d170000 - 0x00007ff85d188000 	E:\ProgramFiles\Java\jdk-11.0.10\bin\jli.dll
0x00007ff879fc0000 - 0x00007ff87a06c000 	C:\WINDOWS\System32\ADVAPI32.dll
0x00007ff87ac70000 - 0x00007ff87ad0e000 	C:\WINDOWS\System32\msvcrt.dll
0x00007ff87a820000 - 0x00007ff87a8bc000 	C:\WINDOWS\System32\sechost.dll
0x00007ff8799c0000 - 0x00007ff879aeb000 	C:\WINDOWS\System32\RPCRT4.dll
0x00007ff87a470000 - 0x00007ff87a610000 	C:\WINDOWS\System32\USER32.dll
0x00007ff878db0000 - 0x00007ff878dd2000 	C:\WINDOWS\System32\win32u.dll
0x00007ff87a070000 - 0x00007ff87a09a000 	C:\WINDOWS\System32\GDI32.dll
0x00007ff8655a0000 - 0x00007ff86583a000 	C:\WINDOWS\WinSxS\amd64_microsoft.windows.common-controls_6595b64144ccf1df_6.0.19041.844_none_ca00b6081b84eb1d\COMCTL32.dll
0x00007ff879440000 - 0x00007ff87954b000 	C:\WINDOWS\System32\gdi32full.dll
0x00007ff8793a0000 - 0x00007ff87943d000 	C:\WINDOWS\System32\msvcp_win.dll
0x00007ff871620000 - 0x00007ff87162a000 	C:\WINDOWS\SYSTEM32\VERSION.dll
0x00007ff85d150000 - 0x00007ff85d165000 	E:\ProgramFiles\Java\jdk-11.0.10\bin\VCRUNTIME140.dll
0x00007ff87ad70000 - 0x00007ff87ada0000 	C:\WINDOWS\System32\IMM32.DLL
0x00007ff854970000 - 0x00007ff854a0b000 	E:\ProgramFiles\Java\jdk-11.0.10\bin\msvcp140.dll
0x00007ff82c910000 - 0x00007ff82d40b000 	E:\ProgramFiles\Java\jdk-11.0.10\bin\server\jvm.dll
0x00007ff879900000 - 0x00007ff879908000 	C:\WINDOWS\System32\PSAPI.DLL
0x00007ff874810000 - 0x00007ff874819000 	C:\WINDOWS\SYSTEM32\WSOCK32.dll
0x00007ff869ba0000 - 0x00007ff869bc7000 	C:\WINDOWS\SYSTEM32\WINMM.dll
0x00007ff87a7b0000 - 0x00007ff87a81b000 	C:\WINDOWS\System32\WS2_32.dll
0x00007ff8776a0000 - 0x00007ff8776b2000 	C:\WINDOWS\SYSTEM32\kernel.appcore.dll
0x00007ff867d90000 - 0x00007ff867da0000 	E:\ProgramFiles\Java\jdk-11.0.10\bin\verify.dll
0x00007ff876cb0000 - 0x00007ff876e94000 	C:\WINDOWS\SYSTEM32\DBGHELP.DLL
0x00007ff862340000 - 0x00007ff86236c000 	C:\WINDOWS\SYSTEM32\dbgcore.DLL
0x00007ff879550000 - 0x00007ff8795d0000 	C:\WINDOWS\System32\bcryptPrimitives.dll
0x00007ff85b470000 - 0x00007ff85b498000 	E:\ProgramFiles\Java\jdk-11.0.10\bin\java.dll
0x00007ff867b30000 - 0x00007ff867b3a000 	E:\ProgramFiles\Java\jdk-11.0.10\bin\jimage.dll
0x00007ff85ba00000 - 0x00007ff85ba16000 	E:\ProgramFiles\Java\jdk-11.0.10\bin\zip.dll

dbghelp: loaded successfully - version: 4.0.5 - missing functions: none
symbol engine: initialized successfully - sym options: 0x614 - pdb path: .;E:\ProgramFiles\Java\jdk-11.0.10\bin;C:\WINDOWS\SYSTEM32;C:\WINDOWS\WinSxS\amd64_microsoft.windows.common-controls_6595b64144ccf1df_6.0.19041.844_none_ca00b6081b84eb1d;E:\ProgramFiles\Java\jdk-11.0.10\bin\server

VM Arguments:
jvm_args: -Dfile.encoding=UTF-8 
java_command: br.com.stingelin.Startup
java_class_path (initial): E:\Code\UdemyRestWithSpringBoot\RestWithSpringBoot\04 RestWithSpringBoot Connection to MySQL\target\classes;C:\Users\gusta\.m2\repository\org\springframework\boot\spring-boot-starter-data-rest\2.1.3.RELEASE\spring-boot-starter-data-rest-2.1.3.RELEASE.jar;C:\Users\gusta\.m2\repository\org\springframework\boot\spring-boot-starter-web\2.1.3.RELEASE\spring-boot-starter-web-2.1.3.RELEASE.jar;C:\Users\gusta\.m2\repository\org\springframework\boot\spring-boot-starter-json\2.1.3.RELEASE\spring-boot-starter-json-2.1.3.RELEASE.jar;C:\Users\gusta\.m2\repository\com\fasterxml\jackson\datatype\jackson-datatype-jdk8\2.9.8\jackson-datatype-jdk8-2.9.8.jar;C:\Users\gusta\.m2\repository\com\fasterxml\jackson\datatype\jackson-datatype-jsr310\2.9.8\jackson-datatype-jsr310-2.9.8.jar;C:\Users\gusta\.m2\repository\com\fasterxml\jackson\module\jackson-module-parameter-names\2.9.8\jackson-module-parameter-names-2.9.8.jar;C:\Users\gusta\.m2\repository\org\springframework\boot\spring-boot-starter-tomcat\2.1.3.RELEASE\spring-boot-starter-tomcat-2.1.3.RELEASE.jar;C:\Users\gusta\.m2\repository\org\apache\tomcat\embed\tomcat-embed-core\9.0.16\tomcat-embed-core-9.0.16.jar;C:\Users\gusta\.m2\repository\org\apache\tomcat\embed\tomcat-embed-el\9.0.16\tomcat-embed-el-9.0.16.jar;C:\Users\gusta\.m2\repository\org\apache\tomcat\embed\tomcat-embed-websocket\9.0.16\tomcat-embed-websocket-9.0.16.jar;C:\Users\gusta\.m2\repository\org\hibernate\validator\hibernate-validator\6.0.14.Final\hibernate-validator-6.0.14.Final.jar;C:\Users\gusta\.m2\repository\javax\validation\validation-api\2.0.1.Final\validation-api-2.0.1.Final.jar;C:\Users\gusta\.m2\repository\org\springframework\spring-web\5.1.5.RELEASE\spring-web-5.1.5.RELEASE.jar;C:\Users\gusta\.m2\repository\org\springframework\spring-webmvc\5.1.5.RELEASE\spring-webmvc-5.1.5.RELEASE.jar;C:\Users\gusta\.m2\repository\org\springframework\spring-expression\5.1.5.RELEASE\spring-expression-5.1.5.RELEASE.jar;C:\Users\gusta\.m2\repository
Launcher Type: SUN_STANDARD

[Global flags]
     intx CICompilerCount                          = 4                                         {product} {ergonomic}
     uint ConcGCThreads                            = 3                                         {product} {ergonomic}
     uint G1ConcRefinementThreads                  = 10                                        {product} {ergonomic}
   size_t G1HeapRegionSize                         = 1048576                                   {product} {ergonomic}
    uintx GCDrainStackTargetSize                   = 64                                        {product} {ergonomic}
   size_t InitialHeapSize                          = 268435456                                 {product} {ergonomic}
   size_t MarkStackSize                            = 4194304                                   {product} {ergonomic}
   size_t MaxHeapSize                              = 4280287232                                {product} {ergonomic}
   size_t MinHeapDeltaBytes                        = 1048576                                   {product} {ergonomic}
    uintx NonNMethodCodeHeapSize                   = 5836300                                {pd product} {ergonomic}
    uintx NonProfiledCodeHeapSize                  = 122910970                              {pd product} {ergonomic}
    uintx ProfiledCodeHeapSize                     = 122910970                              {pd product} {ergonomic}
    uintx ReservedCodeCacheSize                    = 251658240                              {pd product} {ergonomic}
     bool SegmentedCodeCache                       = true                                      {product} {ergonomic}
     bool UseCompressedClassPointers               = true                                 {lp64_product} {ergonomic}
     bool UseCompressedOops                        = true                                 {lp64_product} {ergonomic}
     bool UseG1GC                                  = true                                      {product} {ergonomic}
     bool UseLargePagesIndividualAllocation        = false                                  {pd product} {ergonomic}

Logging:
Log output configuration:
 #0: stdout all=warning uptime,level,tags
 #1: stderr all=off uptime,level,tags

Environment Variables:
JAVA_HOME=E:\ProgramFiles\Java\jdk-11.0.10
PATH=C:/Program Files/Java/jre1.8.0_251/bin/server;C:/Program Files/Java/jre1.8.0_251/bin;C:/Program Files/Java/jre1.8.0_251/lib/amd64;E:\ProgramFiles\Java\jdk-11.0.10\bin;C:\Program Files\dotnet\;C:\Program Files (x86)\dotnet\;C:\Program Files\Microsoft SQL Server\Client SDK\ODBC\130\Tools\Binn\;C:\Program Files\Microsoft SQL Server\140\DTS\Binn\;C:\Program Files\Microsoft SQL Server\140\Tools\Binn\;C:\Program Files (x86)\Google\Cloud SDK\google-cloud-sdk\bin;C:\WINDOWS\system32;C:\WINDOWS;C:\WINDOWS\System32\Wbem;C:\WINDOWS\System32\WindowsPowerShell\v1.0\;C:\WINDOWS\System32\OpenSSH\;E:\ProgramFiles\Maven\bin;C:\Program Files\Git\cmd;C:\Program Files\Git\mingw64\bin;C:\Program Files\Git\usr\bin;C:\Program Files\Docker\Docker\resources\bin;C:\ProgramData\DockerDesktop\version-bin;C:\Program Files\MySQL\MySQL Shell 8.0\bin\;C:\Users\gusta\AppData\Local\Microsoft\WindowsApps;C:\Users\gusta\AppData\Roaming\npm;C:\Users\gusta\AppData\Local\Yarn\bin;E:\Arquivos de Programas\Microsoft VS Code\bin;C:\Users\gusta\AppData\Local\GitHubDesktop\bin;C:\Users\gusta\AppData\Roaming\Composer\vendor\bin;C:\Program Files\nodejs;C:\Program Files (x86)\Nmap;C:\Users\gusta\AppData\Local\Microsoft\WindowsApps;;E:\ProgramFiles\Eclipse\java-2020-06\eclipse;
USERNAME=gusta
OS=Windows_NT
PROCESSOR_IDENTIFIER=AMD64 Family 23 Model 1 Stepping 1, AuthenticAMD



---------------  S Y S T E M  ---------------

OS: Windows 10 , 64 bit Build 19041 (10.0.19041.804)
Hyper-V role detected

CPU:total 12 (initial active 12) (12 cores per cpu, 2 threads per core) family 23 model 1 stepping 1 microcode 0x0, cmov, cx8, fxsr, mmx, sse, sse2, sse3, ssse3, sse4.1, sse4.2, popcnt, avx, avx2, aes, clmul, mmxext, 3dnowpref, lzcnt, sse4a, ht, tsc, tscinvbit, tscinv, bmi1, bmi2, adx, s

Memory: 4k page, system-wide physical 16323M (3978M free)
TotalPageFile size 16323M (AvailPageFile size 169M)
current process WorkingSet (physical memory assigned to process): 10M, peak: 10M
current process commit charge ("private bytes"): 64M, peak: 320M

vm_info: Java HotSpot(TM) 64-Bit Server VM (11.0.10+8-LTS-162) for windows-amd64 JRE (11.0.10+8-LTS-162), built on Dec  8 2020 16:32:57 by "mach5one" with MS VC++ 15.9 (VS2017)

END.
